<?xml version="1.0" encoding="UTF-8"?>
<!-- Generated by org.testng.reporters.JUnitReportReporter -->
<testsuite skipped="0" hostname="LAPTOP-D2GVCL39" name="KTCTC.regression.WebTablesTest" tests="6" failures="0" timestamp="2022-02-28T21:27:55 IST" time="16.650" errors="0">
  <testcase name="verifyUserCanNavigateToWebTablePage" time="0.363" classname="KTCTC.regression.WebTablesTest"/>
  <system-out/>
  <testcase name="verifyNewUserCanBeAddedOnWebTablePage" time="2.304" classname="KTCTC.regression.WebTablesTest"/>
  <system-out/>
  <testcase name="verifyAllDetailsOfNewlyAddedUser" time="0.516" classname="KTCTC.regression.WebTablesTest"/>
  <system-out/>
  <testcase name="verifyExistingUserCanBeEdited" time="2.222" classname="KTCTC.regression.WebTablesTest"/>
  <system-out/>
  <testcase name="verifyAllDetailsOfEditedUser" time="0.520" classname="KTCTC.regression.WebTablesTest"/>
  <system-out/>
  <testcase name="verifyExistringUserCanBeDeleted" time="10.725" classname="KTCTC.regression.WebTablesTest"/>
  <system-out/>
</testsuite> <!-- KTCTC.regression.WebTablesTest -->
