<?xml version="1.0" encoding="UTF-8"?>
<!-- Generated by org.testng.reporters.JUnitReportReporter -->
<testsuite skipped="0" hostname="LAPTOP-D2GVCL39" name="KTCTC.regression.WebTablesTest2" tests="6" failures="0" timestamp="2022-02-28T21:52:00 IST" time="16.817" errors="0">
  <testcase name="verifyUserCanNavigateToWebTablePage" time="0.367" classname="KTCTC.regression.WebTablesTest2"/>
  <system-out/>
  <testcase name="verifyNewUserCanBeAddedOnWebTablePage" time="2.322" classname="KTCTC.regression.WebTablesTest2"/>
  <system-out/>
  <testcase name="verifyAllDetailsOfNewlyAddedUser" time="0.543" classname="KTCTC.regression.WebTablesTest2"/>
  <system-out/>
  <testcase name="verifyExistingUserCanBeEdited" time="2.162" classname="KTCTC.regression.WebTablesTest2"/>
  <system-out/>
  <testcase name="verifyAllDetailsOfEditedUser" time="0.523" classname="KTCTC.regression.WebTablesTest2"/>
  <system-out/>
  <testcase name="verifyExistringUserCanBeDeleted" time="10.900" classname="KTCTC.regression.WebTablesTest2"/>
  <system-out/>
</testsuite> <!-- KTCTC.regression.WebTablesTest2 -->
